[08:00:02] ========================================== 
[08:00:02] Iniciando ejecucion de check deadlines 
[08:00:02] ========================================== 
[08:00:02] Ejecutando check_deadlines.php... 
[2026-01-16 15:00:02] [INFO] === Iniciando verificación de vencimientos ===
[2026-01-16 15:00:02] [INFO] Buscando tareas que vencen en 3 días...
[2026-01-16 15:00:02] [INFO] Tareas próximas a vencer: 0 notificaciones procesadas
[2026-01-16 15:00:02] [INFO] Buscando tareas que vencen mañana...
[2026-01-16 15:00:02] [INFO] Tareas que vencen mañana: 0 notificaciones procesadas
[2026-01-16 15:00:02] [INFO] Buscando tareas vencidas...
[2026-01-16 15:00:02] [INFO] Tareas vencidas (asignados): 0 notificaciones procesadas
[2026-01-16 15:00:02] [INFO] Buscando tareas vencidas para notificar a creadores...
[2026-01-16 15:00:02] [INFO] Creadores notificados de tareas vencidas: 0
[2026-01-16 15:00:02] [INFO] Buscando proyectos vencidos...
[2026-01-16 15:00:02] [INFO] Proyectos vencidos notificados: 0
[2026-01-16 15:00:02] [INFO] === Verificación completada ===
[2026-01-16 15:00:02] [INFO] Total de notificaciones procesadas: 0
[2026-01-16 15:00:02] [INFO]  - Próximas a vencer (3 días): 0
[2026-01-16 15:00:02] [INFO]  - Vencen mañana: 0
[2026-01-16 15:00:02] [INFO]  - Vencidas (asignados): 0
[2026-01-16 15:00:02] [INFO]  - Vencidas (creadores): 0
[2026-01-16 15:00:02] [INFO]  - Proyectos vencidos: 0
[08:00:02] Tareas completadas 
 
[09:00:03] ========================================== 
[09:00:03] Iniciando ejecucion de check deadlines 
[09:00:03] ========================================== 
[09:00:03] Ejecutando check_deadlines.php... 
[2026-01-16 16:00:03] [INFO] === Iniciando verificación de vencimientos ===
[2026-01-16 16:00:03] [INFO] Buscando tareas que vencen en 3 días...
[2026-01-16 16:00:03] [INFO] Tareas próximas a vencer: 0 notificaciones procesadas
[2026-01-16 16:00:03] [INFO] Buscando tareas que vencen mañana...
[2026-01-16 16:00:03] [INFO] Tareas que vencen mañana: 0 notificaciones procesadas
[2026-01-16 16:00:03] [INFO] Buscando tareas vencidas...
[2026-01-16 16:00:03] [INFO] Tareas vencidas (asignados): 0 notificaciones procesadas
[2026-01-16 16:00:03] [INFO] Buscando tareas vencidas para notificar a creadores...
[2026-01-16 16:00:03] [INFO] Creadores notificados de tareas vencidas: 0
[2026-01-16 16:00:03] [INFO] Buscando proyectos vencidos...
[2026-01-16 16:00:03] [INFO] Proyectos vencidos notificados: 0
[2026-01-16 16:00:03] [INFO] === Verificación completada ===
[2026-01-16 16:00:03] [INFO] Total de notificaciones procesadas: 0
[2026-01-16 16:00:03] [INFO]  - Próximas a vencer (3 días): 0
[2026-01-16 16:00:03] [INFO]  - Vencen mañana: 0
[2026-01-16 16:00:03] [INFO]  - Vencidas (asignados): 0
[2026-01-16 16:00:03] [INFO]  - Vencidas (creadores): 0
[2026-01-16 16:00:03] [INFO]  - Proyectos vencidos: 0
[09:00:03] Tareas completadas 
 
[10:00:03] ========================================== 
[10:00:03] Iniciando ejecucion de check deadlines 
[10:00:03] ========================================== 
[10:00:03] Ejecutando check_deadlines.php... 
[2026-01-16 17:00:03] [INFO] === Iniciando verificación de vencimientos ===
[2026-01-16 17:00:03] [INFO] Buscando tareas que vencen en 3 días...
[2026-01-16 17:00:03] [INFO] Tareas próximas a vencer: 0 notificaciones procesadas
[2026-01-16 17:00:03] [INFO] Buscando tareas que vencen mañana...
[2026-01-16 17:00:03] [INFO] Tareas que vencen mañana: 0 notificaciones procesadas
[2026-01-16 17:00:03] [INFO] Buscando tareas vencidas...
[2026-01-16 17:00:03] [INFO] Tareas vencidas (asignados): 0 notificaciones procesadas
[2026-01-16 17:00:03] [INFO] Buscando tareas vencidas para notificar a creadores...
[2026-01-16 17:00:03] [INFO] Creadores notificados de tareas vencidas: 0
[2026-01-16 17:00:03] [INFO] Buscando proyectos vencidos...
[2026-01-16 17:00:03] [INFO] Proyectos vencidos notificados: 0
[2026-01-16 17:00:03] [INFO] === Verificación completada ===
[2026-01-16 17:00:03] [INFO] Total de notificaciones procesadas: 0
[2026-01-16 17:00:03] [INFO]  - Próximas a vencer (3 días): 0
[2026-01-16 17:00:03] [INFO]  - Vencen mañana: 0
[2026-01-16 17:00:03] [INFO]  - Vencidas (asignados): 0
[2026-01-16 17:00:03] [INFO]  - Vencidas (creadores): 0
[2026-01-16 17:00:03] [INFO]  - Proyectos vencidos: 0
[10:00:03] Tareas completadas 
 
[11:00:03] ========================================== 
[11:00:03] Iniciando ejecucion de check deadlines 
[11:00:03] ========================================== 
[11:00:03] Ejecutando check_deadlines.php... 
[2026-01-16 18:00:03] [INFO] === Iniciando verificación de vencimientos ===
[2026-01-16 18:00:03] [INFO] Buscando tareas que vencen en 3 días...
[2026-01-16 18:00:03] [INFO] Tareas próximas a vencer: 0 notificaciones procesadas
[2026-01-16 18:00:03] [INFO] Buscando tareas que vencen mañana...
[2026-01-16 18:00:03] [INFO] Tareas que vencen mañana: 0 notificaciones procesadas
[2026-01-16 18:00:03] [INFO] Buscando tareas vencidas...
[2026-01-16 18:00:03] [INFO] Tareas vencidas (asignados): 0 notificaciones procesadas
[2026-01-16 18:00:03] [INFO] Buscando tareas vencidas para notificar a creadores...
[2026-01-16 18:00:03] [INFO] Creadores notificados de tareas vencidas: 0
[2026-01-16 18:00:03] [INFO] Buscando proyectos vencidos...
[2026-01-16 18:00:03] [INFO] Proyectos vencidos notificados: 0
[2026-01-16 18:00:03] [INFO] === Verificación completada ===
[2026-01-16 18:00:03] [INFO] Total de notificaciones procesadas: 0
[2026-01-16 18:00:03] [INFO]  - Próximas a vencer (3 días): 0
[2026-01-16 18:00:03] [INFO]  - Vencen mañana: 0
[2026-01-16 18:00:03] [INFO]  - Vencidas (asignados): 0
[2026-01-16 18:00:03] [INFO]  - Vencidas (creadores): 0
[2026-01-16 18:00:03] [INFO]  - Proyectos vencidos: 0
[11:00:03] Tareas completadas 
 
[12:00:03] ========================================== 
[12:00:03] Iniciando ejecucion de check deadlines 
[12:00:03] ========================================== 
[12:00:03] Ejecutando check_deadlines.php... 
[2026-01-16 19:00:03] [INFO] === Iniciando verificación de vencimientos ===
[2026-01-16 19:00:03] [INFO] Buscando tareas que vencen en 3 días...
[2026-01-16 19:00:03] [INFO] Tareas próximas a vencer: 0 notificaciones procesadas
[2026-01-16 19:00:03] [INFO] Buscando tareas que vencen mañana...
[2026-01-16 19:00:03] [INFO] Tareas que vencen mañana: 0 notificaciones procesadas
[2026-01-16 19:00:03] [INFO] Buscando tareas vencidas...
[2026-01-16 19:00:03] [INFO] Tareas vencidas (asignados): 0 notificaciones procesadas
[2026-01-16 19:00:03] [INFO] Buscando tareas vencidas para notificar a creadores...
[2026-01-16 19:00:03] [INFO] Creadores notificados de tareas vencidas: 0
[2026-01-16 19:00:03] [INFO] Buscando proyectos vencidos...
[2026-01-16 19:00:03] [INFO] Proyectos vencidos notificados: 0
[2026-01-16 19:00:03] [INFO] === Verificación completada ===
[2026-01-16 19:00:03] [INFO] Total de notificaciones procesadas: 0
[2026-01-16 19:00:03] [INFO]  - Próximas a vencer (3 días): 0
[2026-01-16 19:00:03] [INFO]  - Vencen mañana: 0
[2026-01-16 19:00:03] [INFO]  - Vencidas (asignados): 0
[2026-01-16 19:00:03] [INFO]  - Vencidas (creadores): 0
[2026-01-16 19:00:03] [INFO]  - Proyectos vencidos: 0
[12:00:03] Tareas completadas 
 
[13:00:02] ========================================== 
[13:00:02] Iniciando ejecucion de check deadlines 
[13:00:02] ========================================== 
[13:00:02] Ejecutando check_deadlines.php... 
[2026-01-16 20:00:02] [INFO] === Iniciando verificación de vencimientos ===
[2026-01-16 20:00:02] [INFO] Buscando tareas que vencen en 3 días...
[2026-01-16 20:00:02] [INFO] Tareas próximas a vencer: 0 notificaciones procesadas
[2026-01-16 20:00:02] [INFO] Buscando tareas que vencen mañana...
[2026-01-16 20:00:02] [INFO] Tareas que vencen mañana: 0 notificaciones procesadas
[2026-01-16 20:00:02] [INFO] Buscando tareas vencidas...
[2026-01-16 20:00:02] [INFO] Tareas vencidas (asignados): 0 notificaciones procesadas
[2026-01-16 20:00:02] [INFO] Buscando tareas vencidas para notificar a creadores...
[2026-01-16 20:00:02] [INFO] Creadores notificados de tareas vencidas: 0
[2026-01-16 20:00:02] [INFO] Buscando proyectos vencidos...
[2026-01-16 20:00:02] [INFO] Proyectos vencidos notificados: 0
[2026-01-16 20:00:02] [INFO] === Verificación completada ===
[2026-01-16 20:00:02] [INFO] Total de notificaciones procesadas: 0
[2026-01-16 20:00:02] [INFO]  - Próximas a vencer (3 días): 0
[2026-01-16 20:00:02] [INFO]  - Vencen mañana: 0
[2026-01-16 20:00:02] [INFO]  - Vencidas (asignados): 0
[2026-01-16 20:00:02] [INFO]  - Vencidas (creadores): 0
[2026-01-16 20:00:02] [INFO]  - Proyectos vencidos: 0
[13:00:02] Tareas completadas 
 
[14:00:03] ========================================== 
[14:00:03] Iniciando ejecucion de check deadlines 
[14:00:03] ========================================== 
[14:00:03] Ejecutando check_deadlines.php... 
[2026-01-16 21:00:03] [INFO] === Iniciando verificación de vencimientos ===
[2026-01-16 21:00:03] [INFO] Buscando tareas que vencen en 3 días...
[2026-01-16 21:00:03] [INFO] Tareas próximas a vencer: 0 notificaciones procesadas
[2026-01-16 21:00:03] [INFO] Buscando tareas que vencen mañana...
[2026-01-16 21:00:03] [INFO] Tareas que vencen mañana: 0 notificaciones procesadas
[2026-01-16 21:00:03] [INFO] Buscando tareas vencidas...
[2026-01-16 21:00:03] [INFO] Tareas vencidas (asignados): 0 notificaciones procesadas
[2026-01-16 21:00:03] [INFO] Buscando tareas vencidas para notificar a creadores...
[2026-01-16 21:00:03] [INFO] Creadores notificados de tareas vencidas: 0
[2026-01-16 21:00:03] [INFO] Buscando proyectos vencidos...
[2026-01-16 21:00:03] [INFO] Proyectos vencidos notificados: 0
[2026-01-16 21:00:03] [INFO] === Verificación completada ===
[2026-01-16 21:00:03] [INFO] Total de notificaciones procesadas: 0
[2026-01-16 21:00:03] [INFO]  - Próximas a vencer (3 días): 0
[2026-01-16 21:00:03] [INFO]  - Vencen mañana: 0
[2026-01-16 21:00:03] [INFO]  - Vencidas (asignados): 0
[2026-01-16 21:00:03] [INFO]  - Vencidas (creadores): 0
[2026-01-16 21:00:03] [INFO]  - Proyectos vencidos: 0
[14:00:03] Tareas completadas 
 
[15:00:02] ========================================== 
[15:00:02] Iniciando ejecucion de check deadlines 
[15:00:02] ========================================== 
[15:00:02] Ejecutando check_deadlines.php... 
[2026-01-16 22:00:02] [INFO] === Iniciando verificación de vencimientos ===
[2026-01-16 22:00:03] [INFO] Buscando tareas que vencen en 3 días...
[2026-01-16 22:00:03] [INFO] Tareas próximas a vencer: 0 notificaciones procesadas
[2026-01-16 22:00:03] [INFO] Buscando tareas que vencen mañana...
[2026-01-16 22:00:03] [INFO] Tareas que vencen mañana: 0 notificaciones procesadas
[2026-01-16 22:00:03] [INFO] Buscando tareas vencidas...
[2026-01-16 22:00:03] [INFO] Tareas vencidas (asignados): 0 notificaciones procesadas
[2026-01-16 22:00:03] [INFO] Buscando tareas vencidas para notificar a creadores...
[2026-01-16 22:00:03] [INFO] Creadores notificados de tareas vencidas: 0
[2026-01-16 22:00:03] [INFO] Buscando proyectos vencidos...
[2026-01-16 22:00:03] [INFO] Proyectos vencidos notificados: 0
[2026-01-16 22:00:03] [INFO] === Verificación completada ===
[2026-01-16 22:00:03] [INFO] Total de notificaciones procesadas: 0
[2026-01-16 22:00:03] [INFO]  - Próximas a vencer (3 días): 0
[2026-01-16 22:00:03] [INFO]  - Vencen mañana: 0
[2026-01-16 22:00:03] [INFO]  - Vencidas (asignados): 0
[2026-01-16 22:00:03] [INFO]  - Vencidas (creadores): 0
[2026-01-16 22:00:03] [INFO]  - Proyectos vencidos: 0
[15:00:02] Tareas completadas 
 
