[07:00:01] ========================================== 
[07:00:01] Iniciando ejecucion de check deadlines 
[07:00:01] ========================================== 
[07:00:01] Ejecutando check_deadlines.php... 
[2026-01-14 14:00:01] [INFO] === Iniciando verificación de vencimientos ===
[2026-01-14 14:00:01] [INFO] Buscando tareas que vencen en 3 días...
[2026-01-14 14:00:01] [INFO] Tareas próximas a vencer: 0 notificaciones procesadas
[2026-01-14 14:00:01] [INFO] Buscando tareas que vencen mañana...
[2026-01-14 14:00:01] [INFO] Tareas que vencen mañana: 0 notificaciones procesadas
[2026-01-14 14:00:01] [INFO] Buscando tareas vencidas...
[2026-01-14 14:00:01] [INFO] Tareas vencidas (asignados): 0 notificaciones procesadas
[2026-01-14 14:00:01] [INFO] Buscando tareas vencidas para notificar a creadores...
[2026-01-14 14:00:01] [INFO] Creadores notificados de tareas vencidas: 0
[2026-01-14 14:00:01] [INFO] Buscando proyectos vencidos...
[2026-01-14 14:00:01] [INFO] Proyectos vencidos notificados: 0
[2026-01-14 14:00:01] [INFO] === Verificación completada ===
[2026-01-14 14:00:01] [INFO] Total de notificaciones procesadas: 0
[2026-01-14 14:00:01] [INFO]  - Próximas a vencer (3 días): 0
[2026-01-14 14:00:01] [INFO]  - Vencen mañana: 0
[2026-01-14 14:00:01] [INFO]  - Vencidas (asignados): 0
[2026-01-14 14:00:01] [INFO]  - Vencidas (creadores): 0
[2026-01-14 14:00:01] [INFO]  - Proyectos vencidos: 0
[07:00:01] Tareas completadas 
 
[08:00:01] ========================================== 
[08:00:01] Iniciando ejecucion de check deadlines 
[08:00:01] ========================================== 
[08:00:01] Ejecutando check_deadlines.php... 
[2026-01-14 15:00:01] [INFO] === Iniciando verificación de vencimientos ===
[2026-01-14 15:00:01] [INFO] Buscando tareas que vencen en 3 días...
[2026-01-14 15:00:01] [INFO] Tareas próximas a vencer: 0 notificaciones procesadas
[2026-01-14 15:00:01] [INFO] Buscando tareas que vencen mañana...
[2026-01-14 15:00:01] [INFO] Tareas que vencen mañana: 0 notificaciones procesadas
[2026-01-14 15:00:01] [INFO] Buscando tareas vencidas...
[2026-01-14 15:00:01] [INFO] Tareas vencidas (asignados): 0 notificaciones procesadas
[2026-01-14 15:00:01] [INFO] Buscando tareas vencidas para notificar a creadores...
[2026-01-14 15:00:01] [INFO] Creadores notificados de tareas vencidas: 0
[2026-01-14 15:00:01] [INFO] Buscando proyectos vencidos...
[2026-01-14 15:00:01] [INFO] Proyectos vencidos notificados: 0
[2026-01-14 15:00:01] [INFO] === Verificación completada ===
[2026-01-14 15:00:01] [INFO] Total de notificaciones procesadas: 0
[2026-01-14 15:00:01] [INFO]  - Próximas a vencer (3 días): 0
[2026-01-14 15:00:01] [INFO]  - Vencen mañana: 0
[2026-01-14 15:00:01] [INFO]  - Vencidas (asignados): 0
[2026-01-14 15:00:01] [INFO]  - Vencidas (creadores): 0
[2026-01-14 15:00:01] [INFO]  - Proyectos vencidos: 0
[08:00:01] Tareas completadas 
 
[09:00:01] ========================================== 
[09:00:01] Iniciando ejecucion de check deadlines 
[09:00:01] ========================================== 
[09:00:01] Ejecutando check_deadlines.php... 
[2026-01-14 16:00:02] [INFO] === Iniciando verificación de vencimientos ===
[2026-01-14 16:00:02] [INFO] Buscando tareas que vencen en 3 días...
[2026-01-14 16:00:02] [INFO] Tareas próximas a vencer: 0 notificaciones procesadas
[2026-01-14 16:00:02] [INFO] Buscando tareas que vencen mañana...
[2026-01-14 16:00:02] [INFO] Tareas que vencen mañana: 0 notificaciones procesadas
[2026-01-14 16:00:02] [INFO] Buscando tareas vencidas...
[2026-01-14 16:00:02] [INFO] Tareas vencidas (asignados): 0 notificaciones procesadas
[2026-01-14 16:00:02] [INFO] Buscando tareas vencidas para notificar a creadores...
[2026-01-14 16:00:02] [INFO] Creadores notificados de tareas vencidas: 0
[2026-01-14 16:00:02] [INFO] Buscando proyectos vencidos...
[2026-01-14 16:00:02] [INFO] Proyectos vencidos notificados: 0
[2026-01-14 16:00:02] [INFO] === Verificación completada ===
[2026-01-14 16:00:02] [INFO] Total de notificaciones procesadas: 0
[2026-01-14 16:00:02] [INFO]  - Próximas a vencer (3 días): 0
[2026-01-14 16:00:02] [INFO]  - Vencen mañana: 0
[2026-01-14 16:00:02] [INFO]  - Vencidas (asignados): 0
[2026-01-14 16:00:02] [INFO]  - Vencidas (creadores): 0
[2026-01-14 16:00:02] [INFO]  - Proyectos vencidos: 0
[09:00:01] Tareas completadas 
 
