[07:00:03] ========================================== 
[07:00:03] Iniciando ejecucion de check deadlines 
[07:00:03] ========================================== 
[07:00:03] Ejecutando check_deadlines.php... 
[2026-01-12 14:00:04] [INFO] === Iniciando verificación de vencimientos ===
[2026-01-12 14:00:08] [CRITICAL] ERROR CRÍTICO: No connection could be made because the target machine actively refused it
[07:00:03] Tareas completadas 
 
[07:00:40] ========================================== 
[07:00:40] Iniciando ejecucion de check deadlines 
[07:00:40] ========================================== 
[07:00:40] Ejecutando check_deadlines.php... 
[2026-01-12 14:00:40] [INFO] === Iniciando verificación de vencimientos ===
[2026-01-12 14:00:44] [CRITICAL] ERROR CRÍTICO: No connection could be made because the target machine actively refused it
[07:00:40] Tareas completadas 
 
[08:00:01] ========================================== 
[08:00:01] Iniciando ejecucion de check deadlines 
[08:00:01] ========================================== 
[08:00:01] Ejecutando check_deadlines.php... 
[2026-01-12 15:00:02] [INFO] === Iniciando verificación de vencimientos ===
[2026-01-12 15:00:06] [CRITICAL] ERROR CRÍTICO: No connection could be made because the target machine actively refused it
[08:00:01] Tareas completadas 
 
[08:00:40] ========================================== 
[08:00:40] Iniciando ejecucion de check deadlines 
[08:00:40] ========================================== 
[08:00:40] Ejecutando check_deadlines.php... 
[2026-01-12 15:00:40] [INFO] === Iniciando verificación de vencimientos ===
[2026-01-12 15:00:44] [CRITICAL] ERROR CRÍTICO: No connection could be made because the target machine actively refused it
[08:00:40] Tareas completadas 
 
[09:00:02] ========================================== 
[09:00:02] Iniciando ejecucion de check deadlines 
[09:00:02] ========================================== 
[09:00:02] Ejecutando check_deadlines.php... 
[2026-01-12 16:00:02] [INFO] === Iniciando verificación de vencimientos ===
[2026-01-12 16:00:02] [INFO] Buscando tareas que vencen en 3 días...
[2026-01-12 16:00:02] [INFO] Tareas próximas a vencer: 0 notificaciones procesadas
[2026-01-12 16:00:02] [INFO] Buscando tareas que vencen mañana...
[2026-01-12 16:00:02] [INFO] Tareas que vencen mañana: 0 notificaciones procesadas
[2026-01-12 16:00:02] [INFO] Buscando tareas vencidas...
Email encolado para usuario 3: Tarea vencida
Email encolado para usuario 7: Tarea vencida
Email encolado para usuario 3: Tarea vencida
Email encolado para usuario 3: Tarea vencida
Email encolado para usuario 3: Tarea vencida
Email encolado para usuario 3: Tarea vencida
Email encolado para usuario 14: Tarea vencida
Email encolado para usuario 14: Tarea vencida
Email encolado para usuario 14: Tarea vencida
Email encolado para usuario 15: Tarea vencida
Email encolado para usuario 15: Tarea vencida
Email encolado para usuario 14: Tarea vencida
[2026-01-12 16:00:02] [INFO] Tareas vencidas (asignados): 12 notificaciones procesadas
[2026-01-12 16:00:02] [INFO] Buscando tareas vencidas para notificar a creadores...
Email encolado para usuario 1: Tarea vencida (como creador)
Email encolado para usuario 1: Tarea vencida (como creador)
Email encolado para usuario 1: Tarea vencida (como creador)
Email encolado para usuario 1: Tarea vencida (como creador)
Email encolado para usuario 1: Tarea vencida (como creador)
Email encolado para usuario 1: Tarea vencida (como creador)
Email encolado para usuario 1: Tarea vencida (como creador)
Email encolado para usuario 1: Tarea vencida (como creador)
Email encolado para usuario 1: Tarea vencida (como creador)
Email encolado para usuario 1: Tarea vencida (como creador)
Email encolado para usuario 1: Tarea vencida (como creador)
Email encolado para usuario 1: Tarea vencida (como creador)
[2026-01-12 16:00:03] [INFO] Creadores notificados de tareas vencidas: 12
[2026-01-12 16:00:03] [INFO] Buscando proyectos vencidos...
Email encolado para usuario 1: Proyecto vencido
Email encolado para usuario 1: Proyecto vencido
Email encolado para usuario 1: Proyecto vencido
Email encolado para usuario 3: Proyecto vencido
Email encolado para usuario 1: Proyecto vencido
Email encolado para usuario 3: Proyecto vencido
Email encolado para usuario 1: Proyecto vencido
Email encolado para usuario 1: Proyecto vencido
Email encolado para usuario 3: Proyecto vencido
Email encolado para usuario 1: Proyecto vencido
Email encolado para usuario 6: Proyecto vencido
Email encolado para usuario 7: Proyecto vencido
Email encolado para usuario 1: Proyecto vencido
Email encolado para usuario 1: Proyecto vencido
Email encolado para usuario 3: Proyecto vencido
Email encolado para usuario 11: Proyecto vencido
Email encolado para usuario 1: Proyecto vencido
Email encolado para usuario 14: Proyecto vencido
Email encolado para usuario 1: Proyecto vencido
Email encolado para usuario 14: Proyecto vencido
Email encolado para usuario 1: Proyecto vencido
Email encolado para usuario 16: Proyecto vencido
Email encolado para usuario 1: Proyecto vencido
[2026-01-12 16:00:03] [INFO] Proyectos vencidos notificados: 23
[2026-01-12 16:00:03] [INFO] === Verificación completada ===
[2026-01-12 16:00:03] [INFO] Total de notificaciones procesadas: 47
[2026-01-12 16:00:03] [INFO]  - Próximas a vencer (3 días): 0
[2026-01-12 16:00:03] [INFO]  - Vencen mañana: 0
[2026-01-12 16:00:03] [INFO]  - Vencidas (asignados): 12
[2026-01-12 16:00:03] [INFO]  - Vencidas (creadores): 12
[2026-01-12 16:00:03] [INFO]  - Proyectos vencidos: 23
[09:00:02] Tareas completadas 
 
[09:00:40] ========================================== 
[09:00:40] Iniciando ejecucion de check deadlines 
[09:00:40] ========================================== 
[09:00:40] Ejecutando check_deadlines.php... 
[2026-01-12 16:00:40] [INFO] === Iniciando verificación de vencimientos ===
[2026-01-12 16:00:40] [INFO] Buscando tareas que vencen en 3 días...
[2026-01-12 16:00:40] [INFO] Tareas próximas a vencer: 0 notificaciones procesadas
[2026-01-12 16:00:40] [INFO] Buscando tareas que vencen mañana...
[2026-01-12 16:00:40] [INFO] Tareas que vencen mañana: 0 notificaciones procesadas
[2026-01-12 16:00:40] [INFO] Buscando tareas vencidas...
[2026-01-12 16:00:40] [INFO] Tareas vencidas (asignados): 0 notificaciones procesadas
[2026-01-12 16:00:40] [INFO] Buscando tareas vencidas para notificar a creadores...
[2026-01-12 16:00:40] [INFO] Creadores notificados de tareas vencidas: 0
[2026-01-12 16:00:40] [INFO] Buscando proyectos vencidos...
[2026-01-12 16:00:40] [INFO] Proyectos vencidos notificados: 23
[2026-01-12 16:00:40] [INFO] === Verificación completada ===
[2026-01-12 16:00:40] [INFO] Total de notificaciones procesadas: 23
[2026-01-12 16:00:40] [INFO]  - Próximas a vencer (3 días): 0
[2026-01-12 16:00:40] [INFO]  - Vencen mañana: 0
[2026-01-12 16:00:40] [INFO]  - Vencidas (asignados): 0
[2026-01-12 16:00:40] [INFO]  - Vencidas (creadores): 0
[2026-01-12 16:00:40] [INFO]  - Proyectos vencidos: 23
[09:00:40] Tareas completadas 
 
[10:00:02] ========================================== 
[10:00:02] Iniciando ejecucion de check deadlines 
[10:00:02] ========================================== 
[10:00:02] Ejecutando check_deadlines.php... 
[2026-01-12 17:00:02] [INFO] === Iniciando verificación de vencimientos ===
[2026-01-12 17:00:02] [INFO] Buscando tareas que vencen en 3 días...
[2026-01-12 17:00:02] [INFO] Tareas próximas a vencer: 0 notificaciones procesadas
[2026-01-12 17:00:02] [INFO] Buscando tareas que vencen mañana...
[2026-01-12 17:00:02] [INFO] Tareas que vencen mañana: 0 notificaciones procesadas
[2026-01-12 17:00:02] [INFO] Buscando tareas vencidas...
[2026-01-12 17:00:02] [INFO] Tareas vencidas (asignados): 0 notificaciones procesadas
[2026-01-12 17:00:02] [INFO] Buscando tareas vencidas para notificar a creadores...
[2026-01-12 17:00:02] [INFO] Creadores notificados de tareas vencidas: 0
[2026-01-12 17:00:02] [INFO] Buscando proyectos vencidos...
[2026-01-12 17:00:02] [INFO] Proyectos vencidos notificados: 23
[2026-01-12 17:00:02] [INFO] === Verificación completada ===
[2026-01-12 17:00:02] [INFO] Total de notificaciones procesadas: 23
[2026-01-12 17:00:02] [INFO]  - Próximas a vencer (3 días): 0
[2026-01-12 17:00:02] [INFO]  - Vencen mañana: 0
[2026-01-12 17:00:02] [INFO]  - Vencidas (asignados): 0
[2026-01-12 17:00:02] [INFO]  - Vencidas (creadores): 0
[2026-01-12 17:00:02] [INFO]  - Proyectos vencidos: 23
[10:00:02] Tareas completadas 
 
[10:00:40] ========================================== 
[10:00:40] Iniciando ejecucion de check deadlines 
[10:00:40] ========================================== 
[10:00:40] Ejecutando check_deadlines.php... 
[2026-01-12 17:00:40] [INFO] === Iniciando verificación de vencimientos ===
[2026-01-12 17:00:40] [INFO] Buscando tareas que vencen en 3 días...
[2026-01-12 17:00:40] [INFO] Tareas próximas a vencer: 0 notificaciones procesadas
[2026-01-12 17:00:40] [INFO] Buscando tareas que vencen mañana...
[2026-01-12 17:00:40] [INFO] Tareas que vencen mañana: 0 notificaciones procesadas
[2026-01-12 17:00:40] [INFO] Buscando tareas vencidas...
[2026-01-12 17:00:40] [INFO] Tareas vencidas (asignados): 0 notificaciones procesadas
[2026-01-12 17:00:40] [INFO] Buscando tareas vencidas para notificar a creadores...
[2026-01-12 17:00:40] [INFO] Creadores notificados de tareas vencidas: 0
[2026-01-12 17:00:40] [INFO] Buscando proyectos vencidos...
[2026-01-12 17:00:40] [INFO] Proyectos vencidos notificados: 23
[2026-01-12 17:00:40] [INFO] === Verificación completada ===
[2026-01-12 17:00:40] [INFO] Total de notificaciones procesadas: 23
[2026-01-12 17:00:40] [INFO]  - Próximas a vencer (3 días): 0
[2026-01-12 17:00:40] [INFO]  - Vencen mañana: 0
[2026-01-12 17:00:40] [INFO]  - Vencidas (asignados): 0
[2026-01-12 17:00:40] [INFO]  - Vencidas (creadores): 0
[2026-01-12 17:00:40] [INFO]  - Proyectos vencidos: 23
[10:00:40] Tareas completadas 
 
[11:00:03] ========================================== 
[11:00:03] Iniciando ejecucion de check deadlines 
[11:00:03] ========================================== 
[11:00:03] Ejecutando check_deadlines.php... 
[2026-01-12 18:00:03] [INFO] === Iniciando verificación de vencimientos ===
[2026-01-12 18:00:03] [INFO] Buscando tareas que vencen en 3 días...
[2026-01-12 18:00:03] [INFO] Tareas próximas a vencer: 0 notificaciones procesadas
[2026-01-12 18:00:03] [INFO] Buscando tareas que vencen mañana...
[2026-01-12 18:00:03] [INFO] Tareas que vencen mañana: 0 notificaciones procesadas
[2026-01-12 18:00:03] [INFO] Buscando tareas vencidas...
[2026-01-12 18:00:03] [INFO] Tareas vencidas (asignados): 0 notificaciones procesadas
[2026-01-12 18:00:03] [INFO] Buscando tareas vencidas para notificar a creadores...
[2026-01-12 18:00:03] [INFO] Creadores notificados de tareas vencidas: 0
[2026-01-12 18:00:03] [INFO] Buscando proyectos vencidos...
[2026-01-12 18:00:03] [INFO] Proyectos vencidos notificados: 23
[2026-01-12 18:00:03] [INFO] === Verificación completada ===
[2026-01-12 18:00:03] [INFO] Total de notificaciones procesadas: 23
[2026-01-12 18:00:03] [INFO]  - Próximas a vencer (3 días): 0
[2026-01-12 18:00:03] [INFO]  - Vencen mañana: 0
[2026-01-12 18:00:03] [INFO]  - Vencidas (asignados): 0
[2026-01-12 18:00:03] [INFO]  - Vencidas (creadores): 0
[2026-01-12 18:00:03] [INFO]  - Proyectos vencidos: 23
[11:00:03] Tareas completadas 
 
[11:00:40] ========================================== 
[11:00:40] Iniciando ejecucion de check deadlines 
[11:00:40] ========================================== 
[11:00:40] Ejecutando check_deadlines.php... 
[2026-01-12 18:00:40] [INFO] === Iniciando verificación de vencimientos ===
[2026-01-12 18:00:40] [INFO] Buscando tareas que vencen en 3 días...
[2026-01-12 18:00:40] [INFO] Tareas próximas a vencer: 0 notificaciones procesadas
[2026-01-12 18:00:40] [INFO] Buscando tareas que vencen mañana...
[2026-01-12 18:00:40] [INFO] Tareas que vencen mañana: 0 notificaciones procesadas
[2026-01-12 18:00:40] [INFO] Buscando tareas vencidas...
[2026-01-12 18:00:40] [INFO] Tareas vencidas (asignados): 0 notificaciones procesadas
[2026-01-12 18:00:40] [INFO] Buscando tareas vencidas para notificar a creadores...
[2026-01-12 18:00:40] [INFO] Creadores notificados de tareas vencidas: 0
[2026-01-12 18:00:40] [INFO] Buscando proyectos vencidos...
[2026-01-12 18:00:40] [INFO] Proyectos vencidos notificados: 23
[2026-01-12 18:00:40] [INFO] === Verificación completada ===
[2026-01-12 18:00:40] [INFO] Total de notificaciones procesadas: 23
[2026-01-12 18:00:40] [INFO]  - Próximas a vencer (3 días): 0
[2026-01-12 18:00:40] [INFO]  - Vencen mañana: 0
[2026-01-12 18:00:40] [INFO]  - Vencidas (asignados): 0
[2026-01-12 18:00:40] [INFO]  - Vencidas (creadores): 0
[2026-01-12 18:00:40] [INFO]  - Proyectos vencidos: 23
[11:00:40] Tareas completadas 
 
[12:00:02] ========================================== 
[12:00:02] Iniciando ejecucion de check deadlines 
[12:00:02] ========================================== 
[12:00:02] Ejecutando check_deadlines.php... 
[2026-01-12 19:00:03] [INFO] === Iniciando verificación de vencimientos ===
[2026-01-12 19:00:03] [INFO] Buscando tareas que vencen en 3 días...
[2026-01-12 19:00:03] [INFO] Tareas próximas a vencer: 0 notificaciones procesadas
[2026-01-12 19:00:03] [INFO] Buscando tareas que vencen mañana...
[2026-01-12 19:00:03] [INFO] Tareas que vencen mañana: 0 notificaciones procesadas
[2026-01-12 19:00:03] [INFO] Buscando tareas vencidas...
[2026-01-12 19:00:03] [INFO] Tareas vencidas (asignados): 0 notificaciones procesadas
[2026-01-12 19:00:03] [INFO] Buscando tareas vencidas para notificar a creadores...
[2026-01-12 19:00:03] [INFO] Creadores notificados de tareas vencidas: 0
[2026-01-12 19:00:03] [INFO] Buscando proyectos vencidos...
[2026-01-12 19:00:03] [INFO] Proyectos vencidos notificados: 23
[2026-01-12 19:00:03] [INFO] === Verificación completada ===
[2026-01-12 19:00:03] [INFO] Total de notificaciones procesadas: 23
[2026-01-12 19:00:03] [INFO]  - Próximas a vencer (3 días): 0
[2026-01-12 19:00:03] [INFO]  - Vencen mañana: 0
[2026-01-12 19:00:03] [INFO]  - Vencidas (asignados): 0
[2026-01-12 19:00:03] [INFO]  - Vencidas (creadores): 0
[2026-01-12 19:00:03] [INFO]  - Proyectos vencidos: 23
[12:00:02] Tareas completadas 
 
[12:00:40] ========================================== 
[12:00:40] Iniciando ejecucion de check deadlines 
[12:00:40] ========================================== 
[12:00:40] Ejecutando check_deadlines.php... 
[2026-01-12 19:00:40] [INFO] === Iniciando verificación de vencimientos ===
[2026-01-12 19:00:40] [INFO] Buscando tareas que vencen en 3 días...
[2026-01-12 19:00:40] [INFO] Tareas próximas a vencer: 0 notificaciones procesadas
[2026-01-12 19:00:40] [INFO] Buscando tareas que vencen mañana...
[2026-01-12 19:00:40] [INFO] Tareas que vencen mañana: 0 notificaciones procesadas
[2026-01-12 19:00:40] [INFO] Buscando tareas vencidas...
[2026-01-12 19:00:40] [INFO] Tareas vencidas (asignados): 0 notificaciones procesadas
[2026-01-12 19:00:40] [INFO] Buscando tareas vencidas para notificar a creadores...
[2026-01-12 19:00:40] [INFO] Creadores notificados de tareas vencidas: 0
[2026-01-12 19:00:40] [INFO] Buscando proyectos vencidos...
[2026-01-12 19:00:40] [INFO] Proyectos vencidos notificados: 23
[2026-01-12 19:00:40] [INFO] === Verificación completada ===
[2026-01-12 19:00:40] [INFO] Total de notificaciones procesadas: 23
[2026-01-12 19:00:40] [INFO]  - Próximas a vencer (3 días): 0
[2026-01-12 19:00:40] [INFO]  - Vencen mañana: 0
[2026-01-12 19:00:40] [INFO]  - Vencidas (asignados): 0
[2026-01-12 19:00:40] [INFO]  - Vencidas (creadores): 0
[2026-01-12 19:00:40] [INFO]  - Proyectos vencidos: 23
[12:00:40] Tareas completadas 
 
[13:00:03] ========================================== 
[13:00:03] Iniciando ejecucion de check deadlines 
[13:00:03] ========================================== 
[13:00:03] Ejecutando check_deadlines.php... 
[2026-01-12 20:00:03] [INFO] === Iniciando verificación de vencimientos ===
[2026-01-12 20:00:03] [INFO] Buscando tareas que vencen en 3 días...
[2026-01-12 20:00:03] [INFO] Tareas próximas a vencer: 0 notificaciones procesadas
[2026-01-12 20:00:03] [INFO] Buscando tareas que vencen mañana...
[2026-01-12 20:00:03] [INFO] Tareas que vencen mañana: 0 notificaciones procesadas
[2026-01-12 20:00:03] [INFO] Buscando tareas vencidas...
[2026-01-12 20:00:03] [INFO] Tareas vencidas (asignados): 0 notificaciones procesadas
[2026-01-12 20:00:03] [INFO] Buscando tareas vencidas para notificar a creadores...
[2026-01-12 20:00:03] [INFO] Creadores notificados de tareas vencidas: 0
[2026-01-12 20:00:03] [INFO] Buscando proyectos vencidos...
[2026-01-12 20:00:03] [INFO] Proyectos vencidos notificados: 23
[2026-01-12 20:00:03] [INFO] === Verificación completada ===
[2026-01-12 20:00:03] [INFO] Total de notificaciones procesadas: 23
[2026-01-12 20:00:03] [INFO]  - Próximas a vencer (3 días): 0
[2026-01-12 20:00:03] [INFO]  - Vencen mañana: 0
[2026-01-12 20:00:03] [INFO]  - Vencidas (asignados): 0
[2026-01-12 20:00:03] [INFO]  - Vencidas (creadores): 0
[2026-01-12 20:00:03] [INFO]  - Proyectos vencidos: 23
[13:00:03] Tareas completadas 
 
[13:00:40] ========================================== 
[13:00:40] Iniciando ejecucion de check deadlines 
[13:00:40] ========================================== 
[13:00:40] Ejecutando check_deadlines.php... 
[2026-01-12 20:00:40] [INFO] === Iniciando verificación de vencimientos ===
[2026-01-12 20:00:40] [INFO] Buscando tareas que vencen en 3 días...
[2026-01-12 20:00:40] [INFO] Tareas próximas a vencer: 0 notificaciones procesadas
[2026-01-12 20:00:40] [INFO] Buscando tareas que vencen mañana...
[2026-01-12 20:00:40] [INFO] Tareas que vencen mañana: 0 notificaciones procesadas
[2026-01-12 20:00:40] [INFO] Buscando tareas vencidas...
[2026-01-12 20:00:40] [INFO] Tareas vencidas (asignados): 0 notificaciones procesadas
[2026-01-12 20:00:40] [INFO] Buscando tareas vencidas para notificar a creadores...
[2026-01-12 20:00:40] [INFO] Creadores notificados de tareas vencidas: 0
[2026-01-12 20:00:40] [INFO] Buscando proyectos vencidos...
[2026-01-12 20:00:40] [INFO] Proyectos vencidos notificados: 23
[2026-01-12 20:00:40] [INFO] === Verificación completada ===
[2026-01-12 20:00:40] [INFO] Total de notificaciones procesadas: 23
[2026-01-12 20:00:40] [INFO]  - Próximas a vencer (3 días): 0
[2026-01-12 20:00:40] [INFO]  - Vencen mañana: 0
[2026-01-12 20:00:40] [INFO]  - Vencidas (asignados): 0
[2026-01-12 20:00:40] [INFO]  - Vencidas (creadores): 0
[2026-01-12 20:00:40] [INFO]  - Proyectos vencidos: 23
[13:00:40] Tareas completadas 
 
[14:00:03] ========================================== 
[14:00:03] Iniciando ejecucion de check deadlines 
[14:00:03] ========================================== 
[14:00:03] Ejecutando check_deadlines.php... 
[2026-01-12 21:00:03] [INFO] === Iniciando verificación de vencimientos ===
[2026-01-12 21:00:03] [INFO] Buscando tareas que vencen en 3 días...
[2026-01-12 21:00:03] [INFO] Tareas próximas a vencer: 0 notificaciones procesadas
[2026-01-12 21:00:03] [INFO] Buscando tareas que vencen mañana...
[2026-01-12 21:00:03] [INFO] Tareas que vencen mañana: 0 notificaciones procesadas
[2026-01-12 21:00:03] [INFO] Buscando tareas vencidas...
[2026-01-12 21:00:03] [INFO] Tareas vencidas (asignados): 0 notificaciones procesadas
[2026-01-12 21:00:03] [INFO] Buscando tareas vencidas para notificar a creadores...
[2026-01-12 21:00:03] [INFO] Creadores notificados de tareas vencidas: 0
[2026-01-12 21:00:03] [INFO] Buscando proyectos vencidos...
[2026-01-12 21:00:03] [INFO] Proyectos vencidos notificados: 23
[2026-01-12 21:00:03] [INFO] === Verificación completada ===
[2026-01-12 21:00:03] [INFO] Total de notificaciones procesadas: 23
[2026-01-12 21:00:03] [INFO]  - Próximas a vencer (3 días): 0
[2026-01-12 21:00:03] [INFO]  - Vencen mañana: 0
[2026-01-12 21:00:03] [INFO]  - Vencidas (asignados): 0
[2026-01-12 21:00:03] [INFO]  - Vencidas (creadores): 0
[2026-01-12 21:00:03] [INFO]  - Proyectos vencidos: 23
[14:00:03] Tareas completadas 
 
[14:00:40] ========================================== 
[14:00:40] Iniciando ejecucion de check deadlines 
[14:00:40] ========================================== 
[14:00:40] Ejecutando check_deadlines.php... 
[2026-01-12 21:00:40] [INFO] === Iniciando verificación de vencimientos ===
[2026-01-12 21:00:40] [INFO] Buscando tareas que vencen en 3 días...
[2026-01-12 21:00:40] [INFO] Tareas próximas a vencer: 0 notificaciones procesadas
[2026-01-12 21:00:40] [INFO] Buscando tareas que vencen mañana...
[2026-01-12 21:00:40] [INFO] Tareas que vencen mañana: 0 notificaciones procesadas
[2026-01-12 21:00:40] [INFO] Buscando tareas vencidas...
[2026-01-12 21:00:41] [INFO] Tareas vencidas (asignados): 0 notificaciones procesadas
[2026-01-12 21:00:41] [INFO] Buscando tareas vencidas para notificar a creadores...
[2026-01-12 21:00:41] [INFO] Creadores notificados de tareas vencidas: 0
[2026-01-12 21:00:41] [INFO] Buscando proyectos vencidos...
[2026-01-12 21:00:41] [INFO] Proyectos vencidos notificados: 23
[2026-01-12 21:00:41] [INFO] === Verificación completada ===
[2026-01-12 21:00:41] [INFO] Total de notificaciones procesadas: 23
[2026-01-12 21:00:41] [INFO]  - Próximas a vencer (3 días): 0
[2026-01-12 21:00:41] [INFO]  - Vencen mañana: 0
[2026-01-12 21:00:41] [INFO]  - Vencidas (asignados): 0
[2026-01-12 21:00:41] [INFO]  - Vencidas (creadores): 0
[2026-01-12 21:00:41] [INFO]  - Proyectos vencidos: 23
[14:00:40] Tareas completadas 
 
[15:00:02] ========================================== 
[15:00:02] Iniciando ejecucion de check deadlines 
[15:00:02] ========================================== 
[15:00:02] Ejecutando check_deadlines.php... 
[2026-01-12 22:00:03] [INFO] === Iniciando verificación de vencimientos ===
[2026-01-12 22:00:03] [INFO] Buscando tareas que vencen en 3 días...
[2026-01-12 22:00:03] [INFO] Tareas próximas a vencer: 0 notificaciones procesadas
[2026-01-12 22:00:03] [INFO] Buscando tareas que vencen mañana...
[2026-01-12 22:00:03] [INFO] Tareas que vencen mañana: 0 notificaciones procesadas
[2026-01-12 22:00:03] [INFO] Buscando tareas vencidas...
[2026-01-12 22:00:03] [INFO] Tareas vencidas (asignados): 0 notificaciones procesadas
[2026-01-12 22:00:03] [INFO] Buscando tareas vencidas para notificar a creadores...
[2026-01-12 22:00:03] [INFO] Creadores notificados de tareas vencidas: 0
[2026-01-12 22:00:03] [INFO] Buscando proyectos vencidos...
[2026-01-12 22:00:03] [INFO] Proyectos vencidos notificados: 23
[2026-01-12 22:00:03] [INFO] === Verificación completada ===
[2026-01-12 22:00:03] [INFO] Total de notificaciones procesadas: 23
[2026-01-12 22:00:03] [INFO]  - Próximas a vencer (3 días): 0
[2026-01-12 22:00:03] [INFO]  - Vencen mañana: 0
[2026-01-12 22:00:03] [INFO]  - Vencidas (asignados): 0
[2026-01-12 22:00:03] [INFO]  - Vencidas (creadores): 0
[2026-01-12 22:00:03] [INFO]  - Proyectos vencidos: 23
[15:00:02] Tareas completadas 
 
[15:00:40] ========================================== 
[15:00:40] Iniciando ejecucion de check deadlines 
[15:00:40] ========================================== 
[15:00:40] Ejecutando check_deadlines.php... 
[2026-01-12 22:00:40] [INFO] === Iniciando verificación de vencimientos ===
[2026-01-12 22:00:40] [INFO] Buscando tareas que vencen en 3 días...
[2026-01-12 22:00:40] [INFO] Tareas próximas a vencer: 0 notificaciones procesadas
[2026-01-12 22:00:40] [INFO] Buscando tareas que vencen mañana...
[2026-01-12 22:00:40] [INFO] Tareas que vencen mañana: 0 notificaciones procesadas
[2026-01-12 22:00:40] [INFO] Buscando tareas vencidas...
[2026-01-12 22:00:40] [INFO] Tareas vencidas (asignados): 0 notificaciones procesadas
[2026-01-12 22:00:40] [INFO] Buscando tareas vencidas para notificar a creadores...
[2026-01-12 22:00:40] [INFO] Creadores notificados de tareas vencidas: 0
[2026-01-12 22:00:40] [INFO] Buscando proyectos vencidos...
[2026-01-12 22:00:40] [INFO] Proyectos vencidos notificados: 23
[2026-01-12 22:00:40] [INFO] === Verificación completada ===
[2026-01-12 22:00:40] [INFO] Total de notificaciones procesadas: 23
[2026-01-12 22:00:40] [INFO]  - Próximas a vencer (3 días): 0
[2026-01-12 22:00:40] [INFO]  - Vencen mañana: 0
[2026-01-12 22:00:40] [INFO]  - Vencidas (asignados): 0
[2026-01-12 22:00:40] [INFO]  - Vencidas (creadores): 0
[2026-01-12 22:00:40] [INFO]  - Proyectos vencidos: 23
[15:00:40] Tareas completadas 
 
