[2026-01-12 14:00:04] [INFO] === Iniciando verificación de vencimientos ===
[2026-01-12 14:00:08] [CRITICAL] ERROR CRÍTICO: No connection could be made because the target machine actively refused it
[2026-01-12 14:00:40] [INFO] === Iniciando verificación de vencimientos ===
[2026-01-12 14:00:44] [CRITICAL] ERROR CRÍTICO: No connection could be made because the target machine actively refused it
[2026-01-12 15:00:02] [INFO] === Iniciando verificación de vencimientos ===
[2026-01-12 15:00:06] [CRITICAL] ERROR CRÍTICO: No connection could be made because the target machine actively refused it
[2026-01-12 15:00:40] [INFO] === Iniciando verificación de vencimientos ===
[2026-01-12 15:00:44] [CRITICAL] ERROR CRÍTICO: No connection could be made because the target machine actively refused it
[2026-01-12 16:00:02] [INFO] === Iniciando verificación de vencimientos ===
[2026-01-12 16:00:02] [INFO] Buscando tareas que vencen en 3 días...
[2026-01-12 16:00:02] [INFO] Tareas próximas a vencer: 0 notificaciones procesadas
[2026-01-12 16:00:02] [INFO] Buscando tareas que vencen mañana...
[2026-01-12 16:00:02] [INFO] Tareas que vencen mañana: 0 notificaciones procesadas
[2026-01-12 16:00:02] [INFO] Buscando tareas vencidas...
[2026-01-12 16:00:02] [INFO] Tareas vencidas (asignados): 12 notificaciones procesadas
[2026-01-12 16:00:02] [INFO] Buscando tareas vencidas para notificar a creadores...
[2026-01-12 16:00:03] [INFO] Creadores notificados de tareas vencidas: 12
[2026-01-12 16:00:03] [INFO] Buscando proyectos vencidos...
[2026-01-12 16:00:03] [INFO] Proyectos vencidos notificados: 23
[2026-01-12 16:00:03] [INFO] === Verificación completada ===
[2026-01-12 16:00:03] [INFO] Total de notificaciones procesadas: 47
[2026-01-12 16:00:03] [INFO]  - Próximas a vencer (3 días): 0
[2026-01-12 16:00:03] [INFO]  - Vencen mañana: 0
[2026-01-12 16:00:03] [INFO]  - Vencidas (asignados): 12
[2026-01-12 16:00:03] [INFO]  - Vencidas (creadores): 12
[2026-01-12 16:00:03] [INFO]  - Proyectos vencidos: 23
[2026-01-12 16:00:40] [INFO] === Iniciando verificación de vencimientos ===
[2026-01-12 16:00:40] [INFO] Buscando tareas que vencen en 3 días...
[2026-01-12 16:00:40] [INFO] Tareas próximas a vencer: 0 notificaciones procesadas
[2026-01-12 16:00:40] [INFO] Buscando tareas que vencen mañana...
[2026-01-12 16:00:40] [INFO] Tareas que vencen mañana: 0 notificaciones procesadas
[2026-01-12 16:00:40] [INFO] Buscando tareas vencidas...
[2026-01-12 16:00:40] [INFO] Tareas vencidas (asignados): 0 notificaciones procesadas
[2026-01-12 16:00:40] [INFO] Buscando tareas vencidas para notificar a creadores...
[2026-01-12 16:00:40] [INFO] Creadores notificados de tareas vencidas: 0
[2026-01-12 16:00:40] [INFO] Buscando proyectos vencidos...
[2026-01-12 16:00:40] [INFO] Proyectos vencidos notificados: 23
[2026-01-12 16:00:40] [INFO] === Verificación completada ===
[2026-01-12 16:00:40] [INFO] Total de notificaciones procesadas: 23
[2026-01-12 16:00:40] [INFO]  - Próximas a vencer (3 días): 0
[2026-01-12 16:00:40] [INFO]  - Vencen mañana: 0
[2026-01-12 16:00:40] [INFO]  - Vencidas (asignados): 0
[2026-01-12 16:00:40] [INFO]  - Vencidas (creadores): 0
[2026-01-12 16:00:40] [INFO]  - Proyectos vencidos: 23
[2026-01-12 17:00:02] [INFO] === Iniciando verificación de vencimientos ===
[2026-01-12 17:00:02] [INFO] Buscando tareas que vencen en 3 días...
[2026-01-12 17:00:02] [INFO] Tareas próximas a vencer: 0 notificaciones procesadas
[2026-01-12 17:00:02] [INFO] Buscando tareas que vencen mañana...
[2026-01-12 17:00:02] [INFO] Tareas que vencen mañana: 0 notificaciones procesadas
[2026-01-12 17:00:02] [INFO] Buscando tareas vencidas...
[2026-01-12 17:00:02] [INFO] Tareas vencidas (asignados): 0 notificaciones procesadas
[2026-01-12 17:00:02] [INFO] Buscando tareas vencidas para notificar a creadores...
[2026-01-12 17:00:02] [INFO] Creadores notificados de tareas vencidas: 0
[2026-01-12 17:00:02] [INFO] Buscando proyectos vencidos...
[2026-01-12 17:00:02] [INFO] Proyectos vencidos notificados: 23
[2026-01-12 17:00:02] [INFO] === Verificación completada ===
[2026-01-12 17:00:02] [INFO] Total de notificaciones procesadas: 23
[2026-01-12 17:00:02] [INFO]  - Próximas a vencer (3 días): 0
[2026-01-12 17:00:02] [INFO]  - Vencen mañana: 0
[2026-01-12 17:00:02] [INFO]  - Vencidas (asignados): 0
[2026-01-12 17:00:02] [INFO]  - Vencidas (creadores): 0
[2026-01-12 17:00:02] [INFO]  - Proyectos vencidos: 23
[2026-01-12 17:00:40] [INFO] === Iniciando verificación de vencimientos ===
[2026-01-12 17:00:40] [INFO] Buscando tareas que vencen en 3 días...
[2026-01-12 17:00:40] [INFO] Tareas próximas a vencer: 0 notificaciones procesadas
[2026-01-12 17:00:40] [INFO] Buscando tareas que vencen mañana...
[2026-01-12 17:00:40] [INFO] Tareas que vencen mañana: 0 notificaciones procesadas
[2026-01-12 17:00:40] [INFO] Buscando tareas vencidas...
[2026-01-12 17:00:40] [INFO] Tareas vencidas (asignados): 0 notificaciones procesadas
[2026-01-12 17:00:40] [INFO] Buscando tareas vencidas para notificar a creadores...
[2026-01-12 17:00:40] [INFO] Creadores notificados de tareas vencidas: 0
[2026-01-12 17:00:40] [INFO] Buscando proyectos vencidos...
[2026-01-12 17:00:40] [INFO] Proyectos vencidos notificados: 23
[2026-01-12 17:00:40] [INFO] === Verificación completada ===
[2026-01-12 17:00:40] [INFO] Total de notificaciones procesadas: 23
[2026-01-12 17:00:40] [INFO]  - Próximas a vencer (3 días): 0
[2026-01-12 17:00:40] [INFO]  - Vencen mañana: 0
[2026-01-12 17:00:40] [INFO]  - Vencidas (asignados): 0
[2026-01-12 17:00:40] [INFO]  - Vencidas (creadores): 0
[2026-01-12 17:00:40] [INFO]  - Proyectos vencidos: 23
[2026-01-12 18:00:03] [INFO] === Iniciando verificación de vencimientos ===
[2026-01-12 18:00:03] [INFO] Buscando tareas que vencen en 3 días...
[2026-01-12 18:00:03] [INFO] Tareas próximas a vencer: 0 notificaciones procesadas
[2026-01-12 18:00:03] [INFO] Buscando tareas que vencen mañana...
[2026-01-12 18:00:03] [INFO] Tareas que vencen mañana: 0 notificaciones procesadas
[2026-01-12 18:00:03] [INFO] Buscando tareas vencidas...
[2026-01-12 18:00:03] [INFO] Tareas vencidas (asignados): 0 notificaciones procesadas
[2026-01-12 18:00:03] [INFO] Buscando tareas vencidas para notificar a creadores...
[2026-01-12 18:00:03] [INFO] Creadores notificados de tareas vencidas: 0
[2026-01-12 18:00:03] [INFO] Buscando proyectos vencidos...
[2026-01-12 18:00:03] [INFO] Proyectos vencidos notificados: 23
[2026-01-12 18:00:03] [INFO] === Verificación completada ===
[2026-01-12 18:00:03] [INFO] Total de notificaciones procesadas: 23
[2026-01-12 18:00:03] [INFO]  - Próximas a vencer (3 días): 0
[2026-01-12 18:00:03] [INFO]  - Vencen mañana: 0
[2026-01-12 18:00:03] [INFO]  - Vencidas (asignados): 0
[2026-01-12 18:00:03] [INFO]  - Vencidas (creadores): 0
[2026-01-12 18:00:03] [INFO]  - Proyectos vencidos: 23
[2026-01-12 18:00:40] [INFO] === Iniciando verificación de vencimientos ===
[2026-01-12 18:00:40] [INFO] Buscando tareas que vencen en 3 días...
[2026-01-12 18:00:40] [INFO] Tareas próximas a vencer: 0 notificaciones procesadas
[2026-01-12 18:00:40] [INFO] Buscando tareas que vencen mañana...
[2026-01-12 18:00:40] [INFO] Tareas que vencen mañana: 0 notificaciones procesadas
[2026-01-12 18:00:40] [INFO] Buscando tareas vencidas...
[2026-01-12 18:00:40] [INFO] Tareas vencidas (asignados): 0 notificaciones procesadas
[2026-01-12 18:00:40] [INFO] Buscando tareas vencidas para notificar a creadores...
[2026-01-12 18:00:40] [INFO] Creadores notificados de tareas vencidas: 0
[2026-01-12 18:00:40] [INFO] Buscando proyectos vencidos...
[2026-01-12 18:00:40] [INFO] Proyectos vencidos notificados: 23
[2026-01-12 18:00:40] [INFO] === Verificación completada ===
[2026-01-12 18:00:40] [INFO] Total de notificaciones procesadas: 23
[2026-01-12 18:00:40] [INFO]  - Próximas a vencer (3 días): 0
[2026-01-12 18:00:40] [INFO]  - Vencen mañana: 0
[2026-01-12 18:00:40] [INFO]  - Vencidas (asignados): 0
[2026-01-12 18:00:40] [INFO]  - Vencidas (creadores): 0
[2026-01-12 18:00:40] [INFO]  - Proyectos vencidos: 23
[2026-01-12 19:00:03] [INFO] === Iniciando verificación de vencimientos ===
[2026-01-12 19:00:03] [INFO] Buscando tareas que vencen en 3 días...
[2026-01-12 19:00:03] [INFO] Tareas próximas a vencer: 0 notificaciones procesadas
[2026-01-12 19:00:03] [INFO] Buscando tareas que vencen mañana...
[2026-01-12 19:00:03] [INFO] Tareas que vencen mañana: 0 notificaciones procesadas
[2026-01-12 19:00:03] [INFO] Buscando tareas vencidas...
[2026-01-12 19:00:03] [INFO] Tareas vencidas (asignados): 0 notificaciones procesadas
[2026-01-12 19:00:03] [INFO] Buscando tareas vencidas para notificar a creadores...
[2026-01-12 19:00:03] [INFO] Creadores notificados de tareas vencidas: 0
[2026-01-12 19:00:03] [INFO] Buscando proyectos vencidos...
[2026-01-12 19:00:03] [INFO] Proyectos vencidos notificados: 23
[2026-01-12 19:00:03] [INFO] === Verificación completada ===
[2026-01-12 19:00:03] [INFO] Total de notificaciones procesadas: 23
[2026-01-12 19:00:03] [INFO]  - Próximas a vencer (3 días): 0
[2026-01-12 19:00:03] [INFO]  - Vencen mañana: 0
[2026-01-12 19:00:03] [INFO]  - Vencidas (asignados): 0
[2026-01-12 19:00:03] [INFO]  - Vencidas (creadores): 0
[2026-01-12 19:00:03] [INFO]  - Proyectos vencidos: 23
[2026-01-12 19:00:40] [INFO] === Iniciando verificación de vencimientos ===
[2026-01-12 19:00:40] [INFO] Buscando tareas que vencen en 3 días...
[2026-01-12 19:00:40] [INFO] Tareas próximas a vencer: 0 notificaciones procesadas
[2026-01-12 19:00:40] [INFO] Buscando tareas que vencen mañana...
[2026-01-12 19:00:40] [INFO] Tareas que vencen mañana: 0 notificaciones procesadas
[2026-01-12 19:00:40] [INFO] Buscando tareas vencidas...
[2026-01-12 19:00:40] [INFO] Tareas vencidas (asignados): 0 notificaciones procesadas
[2026-01-12 19:00:40] [INFO] Buscando tareas vencidas para notificar a creadores...
[2026-01-12 19:00:40] [INFO] Creadores notificados de tareas vencidas: 0
[2026-01-12 19:00:40] [INFO] Buscando proyectos vencidos...
[2026-01-12 19:00:40] [INFO] Proyectos vencidos notificados: 23
[2026-01-12 19:00:40] [INFO] === Verificación completada ===
[2026-01-12 19:00:40] [INFO] Total de notificaciones procesadas: 23
[2026-01-12 19:00:40] [INFO]  - Próximas a vencer (3 días): 0
[2026-01-12 19:00:40] [INFO]  - Vencen mañana: 0
[2026-01-12 19:00:40] [INFO]  - Vencidas (asignados): 0
[2026-01-12 19:00:40] [INFO]  - Vencidas (creadores): 0
[2026-01-12 19:00:40] [INFO]  - Proyectos vencidos: 23
[2026-01-12 20:00:03] [INFO] === Iniciando verificación de vencimientos ===
[2026-01-12 20:00:03] [INFO] Buscando tareas que vencen en 3 días...
[2026-01-12 20:00:03] [INFO] Tareas próximas a vencer: 0 notificaciones procesadas
[2026-01-12 20:00:03] [INFO] Buscando tareas que vencen mañana...
[2026-01-12 20:00:03] [INFO] Tareas que vencen mañana: 0 notificaciones procesadas
[2026-01-12 20:00:03] [INFO] Buscando tareas vencidas...
[2026-01-12 20:00:03] [INFO] Tareas vencidas (asignados): 0 notificaciones procesadas
[2026-01-12 20:00:03] [INFO] Buscando tareas vencidas para notificar a creadores...
[2026-01-12 20:00:03] [INFO] Creadores notificados de tareas vencidas: 0
[2026-01-12 20:00:03] [INFO] Buscando proyectos vencidos...
[2026-01-12 20:00:03] [INFO] Proyectos vencidos notificados: 23
[2026-01-12 20:00:03] [INFO] === Verificación completada ===
[2026-01-12 20:00:03] [INFO] Total de notificaciones procesadas: 23
[2026-01-12 20:00:03] [INFO]  - Próximas a vencer (3 días): 0
[2026-01-12 20:00:03] [INFO]  - Vencen mañana: 0
[2026-01-12 20:00:03] [INFO]  - Vencidas (asignados): 0
[2026-01-12 20:00:03] [INFO]  - Vencidas (creadores): 0
[2026-01-12 20:00:03] [INFO]  - Proyectos vencidos: 23
[2026-01-12 20:00:40] [INFO] === Iniciando verificación de vencimientos ===
[2026-01-12 20:00:40] [INFO] Buscando tareas que vencen en 3 días...
[2026-01-12 20:00:40] [INFO] Tareas próximas a vencer: 0 notificaciones procesadas
[2026-01-12 20:00:40] [INFO] Buscando tareas que vencen mañana...
[2026-01-12 20:00:40] [INFO] Tareas que vencen mañana: 0 notificaciones procesadas
[2026-01-12 20:00:40] [INFO] Buscando tareas vencidas...
[2026-01-12 20:00:40] [INFO] Tareas vencidas (asignados): 0 notificaciones procesadas
[2026-01-12 20:00:40] [INFO] Buscando tareas vencidas para notificar a creadores...
[2026-01-12 20:00:40] [INFO] Creadores notificados de tareas vencidas: 0
[2026-01-12 20:00:40] [INFO] Buscando proyectos vencidos...
[2026-01-12 20:00:40] [INFO] Proyectos vencidos notificados: 23
[2026-01-12 20:00:40] [INFO] === Verificación completada ===
[2026-01-12 20:00:40] [INFO] Total de notificaciones procesadas: 23
[2026-01-12 20:00:40] [INFO]  - Próximas a vencer (3 días): 0
[2026-01-12 20:00:40] [INFO]  - Vencen mañana: 0
[2026-01-12 20:00:40] [INFO]  - Vencidas (asignados): 0
[2026-01-12 20:00:40] [INFO]  - Vencidas (creadores): 0
[2026-01-12 20:00:40] [INFO]  - Proyectos vencidos: 23
[2026-01-12 21:00:03] [INFO] === Iniciando verificación de vencimientos ===
[2026-01-12 21:00:03] [INFO] Buscando tareas que vencen en 3 días...
[2026-01-12 21:00:03] [INFO] Tareas próximas a vencer: 0 notificaciones procesadas
[2026-01-12 21:00:03] [INFO] Buscando tareas que vencen mañana...
[2026-01-12 21:00:03] [INFO] Tareas que vencen mañana: 0 notificaciones procesadas
[2026-01-12 21:00:03] [INFO] Buscando tareas vencidas...
[2026-01-12 21:00:03] [INFO] Tareas vencidas (asignados): 0 notificaciones procesadas
[2026-01-12 21:00:03] [INFO] Buscando tareas vencidas para notificar a creadores...
[2026-01-12 21:00:03] [INFO] Creadores notificados de tareas vencidas: 0
[2026-01-12 21:00:03] [INFO] Buscando proyectos vencidos...
[2026-01-12 21:00:03] [INFO] Proyectos vencidos notificados: 23
[2026-01-12 21:00:03] [INFO] === Verificación completada ===
[2026-01-12 21:00:03] [INFO] Total de notificaciones procesadas: 23
[2026-01-12 21:00:03] [INFO]  - Próximas a vencer (3 días): 0
[2026-01-12 21:00:03] [INFO]  - Vencen mañana: 0
[2026-01-12 21:00:03] [INFO]  - Vencidas (asignados): 0
[2026-01-12 21:00:03] [INFO]  - Vencidas (creadores): 0
[2026-01-12 21:00:03] [INFO]  - Proyectos vencidos: 23
[2026-01-12 21:00:40] [INFO] === Iniciando verificación de vencimientos ===
[2026-01-12 21:00:40] [INFO] Buscando tareas que vencen en 3 días...
[2026-01-12 21:00:40] [INFO] Tareas próximas a vencer: 0 notificaciones procesadas
[2026-01-12 21:00:40] [INFO] Buscando tareas que vencen mañana...
[2026-01-12 21:00:40] [INFO] Tareas que vencen mañana: 0 notificaciones procesadas
[2026-01-12 21:00:40] [INFO] Buscando tareas vencidas...
[2026-01-12 21:00:41] [INFO] Tareas vencidas (asignados): 0 notificaciones procesadas
[2026-01-12 21:00:41] [INFO] Buscando tareas vencidas para notificar a creadores...
[2026-01-12 21:00:41] [INFO] Creadores notificados de tareas vencidas: 0
[2026-01-12 21:00:41] [INFO] Buscando proyectos vencidos...
[2026-01-12 21:00:41] [INFO] Proyectos vencidos notificados: 23
[2026-01-12 21:00:41] [INFO] === Verificación completada ===
[2026-01-12 21:00:41] [INFO] Total de notificaciones procesadas: 23
[2026-01-12 21:00:41] [INFO]  - Próximas a vencer (3 días): 0
[2026-01-12 21:00:41] [INFO]  - Vencen mañana: 0
[2026-01-12 21:00:41] [INFO]  - Vencidas (asignados): 0
[2026-01-12 21:00:41] [INFO]  - Vencidas (creadores): 0
[2026-01-12 21:00:41] [INFO]  - Proyectos vencidos: 23
[2026-01-12 22:00:03] [INFO] === Iniciando verificación de vencimientos ===
[2026-01-12 22:00:03] [INFO] Buscando tareas que vencen en 3 días...
[2026-01-12 22:00:03] [INFO] Tareas próximas a vencer: 0 notificaciones procesadas
[2026-01-12 22:00:03] [INFO] Buscando tareas que vencen mañana...
[2026-01-12 22:00:03] [INFO] Tareas que vencen mañana: 0 notificaciones procesadas
[2026-01-12 22:00:03] [INFO] Buscando tareas vencidas...
[2026-01-12 22:00:03] [INFO] Tareas vencidas (asignados): 0 notificaciones procesadas
[2026-01-12 22:00:03] [INFO] Buscando tareas vencidas para notificar a creadores...
[2026-01-12 22:00:03] [INFO] Creadores notificados de tareas vencidas: 0
[2026-01-12 22:00:03] [INFO] Buscando proyectos vencidos...
[2026-01-12 22:00:03] [INFO] Proyectos vencidos notificados: 23
[2026-01-12 22:00:03] [INFO] === Verificación completada ===
[2026-01-12 22:00:03] [INFO] Total de notificaciones procesadas: 23
[2026-01-12 22:00:03] [INFO]  - Próximas a vencer (3 días): 0
[2026-01-12 22:00:03] [INFO]  - Vencen mañana: 0
[2026-01-12 22:00:03] [INFO]  - Vencidas (asignados): 0
[2026-01-12 22:00:03] [INFO]  - Vencidas (creadores): 0
[2026-01-12 22:00:03] [INFO]  - Proyectos vencidos: 23
[2026-01-12 22:00:40] [INFO] === Iniciando verificación de vencimientos ===
[2026-01-12 22:00:40] [INFO] Buscando tareas que vencen en 3 días...
[2026-01-12 22:00:40] [INFO] Tareas próximas a vencer: 0 notificaciones procesadas
[2026-01-12 22:00:40] [INFO] Buscando tareas que vencen mañana...
[2026-01-12 22:00:40] [INFO] Tareas que vencen mañana: 0 notificaciones procesadas
[2026-01-12 22:00:40] [INFO] Buscando tareas vencidas...
[2026-01-12 22:00:40] [INFO] Tareas vencidas (asignados): 0 notificaciones procesadas
[2026-01-12 22:00:40] [INFO] Buscando tareas vencidas para notificar a creadores...
[2026-01-12 22:00:40] [INFO] Creadores notificados de tareas vencidas: 0
[2026-01-12 22:00:40] [INFO] Buscando proyectos vencidos...
[2026-01-12 22:00:40] [INFO] Proyectos vencidos notificados: 23
[2026-01-12 22:00:40] [INFO] === Verificación completada ===
[2026-01-12 22:00:40] [INFO] Total de notificaciones procesadas: 23
[2026-01-12 22:00:40] [INFO]  - Próximas a vencer (3 días): 0
[2026-01-12 22:00:40] [INFO]  - Vencen mañana: 0
[2026-01-12 22:00:40] [INFO]  - Vencidas (asignados): 0
[2026-01-12 22:00:40] [INFO]  - Vencidas (creadores): 0
[2026-01-12 22:00:40] [INFO]  - Proyectos vencidos: 23
