[2026-01-19 14:55:37] [INFO] === Iniciando verificación de vencimientos ===
[2026-01-19 14:55:37] [INFO] Buscando tareas que vencen en 3 días...
[2026-01-19 14:55:37] [INFO] Tareas próximas a vencer: 0 notificaciones procesadas
[2026-01-19 14:55:37] [INFO] Buscando tareas que vencen mañana...
[2026-01-19 14:55:37] [INFO] Tareas que vencen mañana: 0 notificaciones procesadas
[2026-01-19 14:55:37] [INFO] Buscando tareas vencidas...
[2026-01-19 14:55:38] [INFO] Tareas vencidas (asignados): 15 notificaciones procesadas
[2026-01-19 14:55:38] [INFO] Buscando tareas vencidas para notificar a creadores...
[2026-01-19 14:55:38] [INFO] Creadores notificados de tareas vencidas: 13
[2026-01-19 14:55:38] [INFO] Buscando proyectos vencidos...
[2026-01-19 14:55:38] [INFO] Proyectos vencidos notificados: 26
[2026-01-19 14:55:38] [INFO] === Verificación completada ===
[2026-01-19 14:55:38] [INFO] Total de notificaciones procesadas: 54
[2026-01-19 14:55:38] [INFO]  - Próximas a vencer (3 días): 0
[2026-01-19 14:55:38] [INFO]  - Vencen mañana: 0
[2026-01-19 14:55:38] [INFO]  - Vencidas (asignados): 15
[2026-01-19 14:55:38] [INFO]  - Vencidas (creadores): 13
[2026-01-19 14:55:38] [INFO]  - Proyectos vencidos: 26
[2026-01-19 15:00:02] [INFO] === Iniciando verificación de vencimientos ===
[2026-01-19 15:00:02] [INFO] Buscando tareas que vencen en 3 días...
[2026-01-19 15:00:02] [INFO] Tareas próximas a vencer: 0 notificaciones procesadas
[2026-01-19 15:00:02] [INFO] Buscando tareas que vencen mañana...
[2026-01-19 15:00:02] [INFO] Tareas que vencen mañana: 0 notificaciones procesadas
[2026-01-19 15:00:02] [INFO] Buscando tareas vencidas...
[2026-01-19 15:00:02] [INFO] Tareas vencidas (asignados): 0 notificaciones procesadas
[2026-01-19 15:00:02] [INFO] Buscando tareas vencidas para notificar a creadores...
[2026-01-19 15:00:02] [INFO] Creadores notificados de tareas vencidas: 0
[2026-01-19 15:00:02] [INFO] Buscando proyectos vencidos...
[2026-01-19 15:00:02] [INFO] Proyectos vencidos notificados: 26
[2026-01-19 15:00:02] [INFO] === Verificación completada ===
[2026-01-19 15:00:02] [INFO] Total de notificaciones procesadas: 26
[2026-01-19 15:00:02] [INFO]  - Próximas a vencer (3 días): 0
[2026-01-19 15:00:02] [INFO]  - Vencen mañana: 0
[2026-01-19 15:00:02] [INFO]  - Vencidas (asignados): 0
[2026-01-19 15:00:02] [INFO]  - Vencidas (creadores): 0
[2026-01-19 15:00:02] [INFO]  - Proyectos vencidos: 26
[2026-01-19 15:00:22] [INFO] === Iniciando verificación de vencimientos ===
[2026-01-19 15:00:22] [INFO] Buscando tareas que vencen en 3 días...
[2026-01-19 15:00:22] [INFO] Tareas próximas a vencer: 0 notificaciones procesadas
[2026-01-19 15:00:22] [INFO] Buscando tareas que vencen mañana...
[2026-01-19 15:00:22] [INFO] Tareas que vencen mañana: 0 notificaciones procesadas
[2026-01-19 15:00:22] [INFO] Buscando tareas vencidas...
[2026-01-19 15:00:22] [INFO] Tareas vencidas (asignados): 0 notificaciones procesadas
[2026-01-19 15:00:22] [INFO] Buscando tareas vencidas para notificar a creadores...
[2026-01-19 15:00:22] [INFO] Creadores notificados de tareas vencidas: 0
[2026-01-19 15:00:22] [INFO] Buscando proyectos vencidos...
[2026-01-19 15:00:22] [INFO] Proyectos vencidos notificados: 26
[2026-01-19 15:00:22] [INFO] === Verificación completada ===
[2026-01-19 15:00:22] [INFO] Total de notificaciones procesadas: 26
[2026-01-19 15:00:22] [INFO]  - Próximas a vencer (3 días): 0
[2026-01-19 15:00:22] [INFO]  - Vencen mañana: 0
[2026-01-19 15:00:22] [INFO]  - Vencidas (asignados): 0
[2026-01-19 15:00:22] [INFO]  - Vencidas (creadores): 0
[2026-01-19 15:00:22] [INFO]  - Proyectos vencidos: 26
[2026-01-19 15:55:36] [INFO] === Iniciando verificación de vencimientos ===
[2026-01-19 15:55:36] [INFO] Buscando tareas que vencen en 3 días...
[2026-01-19 15:55:36] [INFO] Tareas próximas a vencer: 0 notificaciones procesadas
[2026-01-19 15:55:36] [INFO] Buscando tareas que vencen mañana...
[2026-01-19 15:55:36] [INFO] Tareas que vencen mañana: 0 notificaciones procesadas
[2026-01-19 15:55:36] [INFO] Buscando tareas vencidas...
[2026-01-19 15:55:36] [INFO] Tareas vencidas (asignados): 0 notificaciones procesadas
[2026-01-19 15:55:36] [INFO] Buscando tareas vencidas para notificar a creadores...
[2026-01-19 15:55:36] [INFO] Creadores notificados de tareas vencidas: 0
[2026-01-19 15:55:36] [INFO] Buscando proyectos vencidos...
[2026-01-19 15:55:36] [INFO] Proyectos vencidos notificados: 26
[2026-01-19 15:55:36] [INFO] === Verificación completada ===
[2026-01-19 15:55:36] [INFO] Total de notificaciones procesadas: 26
[2026-01-19 15:55:36] [INFO]  - Próximas a vencer (3 días): 0
[2026-01-19 15:55:36] [INFO]  - Vencen mañana: 0
[2026-01-19 15:55:36] [INFO]  - Vencidas (asignados): 0
[2026-01-19 15:55:36] [INFO]  - Vencidas (creadores): 0
[2026-01-19 15:55:36] [INFO]  - Proyectos vencidos: 26
[2026-01-19 16:00:02] [INFO] === Iniciando verificación de vencimientos ===
[2026-01-19 16:00:02] [INFO] Buscando tareas que vencen en 3 días...
[2026-01-19 16:00:02] [INFO] Tareas próximas a vencer: 0 notificaciones procesadas
[2026-01-19 16:00:02] [INFO] Buscando tareas que vencen mañana...
[2026-01-19 16:00:02] [INFO] Tareas que vencen mañana: 0 notificaciones procesadas
[2026-01-19 16:00:02] [INFO] Buscando tareas vencidas...
[2026-01-19 16:00:02] [INFO] Tareas vencidas (asignados): 0 notificaciones procesadas
[2026-01-19 16:00:02] [INFO] Buscando tareas vencidas para notificar a creadores...
[2026-01-19 16:00:02] [INFO] Creadores notificados de tareas vencidas: 0
[2026-01-19 16:00:02] [INFO] Buscando proyectos vencidos...
[2026-01-19 16:00:02] [INFO] Proyectos vencidos notificados: 26
[2026-01-19 16:00:02] [INFO] === Verificación completada ===
[2026-01-19 16:00:02] [INFO] Total de notificaciones procesadas: 26
[2026-01-19 16:00:02] [INFO]  - Próximas a vencer (3 días): 0
[2026-01-19 16:00:02] [INFO]  - Vencen mañana: 0
[2026-01-19 16:00:02] [INFO]  - Vencidas (asignados): 0
[2026-01-19 16:00:02] [INFO]  - Vencidas (creadores): 0
[2026-01-19 16:00:02] [INFO]  - Proyectos vencidos: 26
[2026-01-19 16:55:36] [INFO] === Iniciando verificación de vencimientos ===
[2026-01-19 16:55:36] [INFO] Buscando tareas que vencen en 3 días...
[2026-01-19 16:55:36] [INFO] Tareas próximas a vencer: 0 notificaciones procesadas
[2026-01-19 16:55:36] [INFO] Buscando tareas que vencen mañana...
[2026-01-19 16:55:36] [INFO] Tareas que vencen mañana: 0 notificaciones procesadas
[2026-01-19 16:55:36] [INFO] Buscando tareas vencidas...
[2026-01-19 16:55:36] [INFO] Tareas vencidas (asignados): 0 notificaciones procesadas
[2026-01-19 16:55:36] [INFO] Buscando tareas vencidas para notificar a creadores...
[2026-01-19 16:55:36] [INFO] Creadores notificados de tareas vencidas: 0
[2026-01-19 16:55:36] [INFO] Buscando proyectos vencidos...
[2026-01-19 16:55:36] [INFO] Proyectos vencidos notificados: 26
[2026-01-19 16:55:36] [INFO] === Verificación completada ===
[2026-01-19 16:55:36] [INFO] Total de notificaciones procesadas: 26
[2026-01-19 16:55:36] [INFO]  - Próximas a vencer (3 días): 0
[2026-01-19 16:55:36] [INFO]  - Vencen mañana: 0
[2026-01-19 16:55:36] [INFO]  - Vencidas (asignados): 0
[2026-01-19 16:55:36] [INFO]  - Vencidas (creadores): 0
[2026-01-19 16:55:36] [INFO]  - Proyectos vencidos: 26
[2026-01-19 17:00:03] [INFO] === Iniciando verificación de vencimientos ===
[2026-01-19 17:00:03] [INFO] Buscando tareas que vencen en 3 días...
[2026-01-19 17:00:03] [INFO] Tareas próximas a vencer: 0 notificaciones procesadas
[2026-01-19 17:00:03] [INFO] Buscando tareas que vencen mañana...
[2026-01-19 17:00:03] [INFO] Tareas que vencen mañana: 0 notificaciones procesadas
[2026-01-19 17:00:03] [INFO] Buscando tareas vencidas...
[2026-01-19 17:00:03] [INFO] Tareas vencidas (asignados): 0 notificaciones procesadas
[2026-01-19 17:00:03] [INFO] Buscando tareas vencidas para notificar a creadores...
[2026-01-19 17:00:03] [INFO] Creadores notificados de tareas vencidas: 0
[2026-01-19 17:00:03] [INFO] Buscando proyectos vencidos...
[2026-01-19 17:00:03] [INFO] Proyectos vencidos notificados: 26
[2026-01-19 17:00:03] [INFO] === Verificación completada ===
[2026-01-19 17:00:03] [INFO] Total de notificaciones procesadas: 26
[2026-01-19 17:00:03] [INFO]  - Próximas a vencer (3 días): 0
[2026-01-19 17:00:03] [INFO]  - Vencen mañana: 0
[2026-01-19 17:00:03] [INFO]  - Vencidas (asignados): 0
[2026-01-19 17:00:03] [INFO]  - Vencidas (creadores): 0
[2026-01-19 17:00:03] [INFO]  - Proyectos vencidos: 26
[2026-01-19 17:55:36] [INFO] === Iniciando verificación de vencimientos ===
[2026-01-19 17:55:36] [INFO] Buscando tareas que vencen en 3 días...
[2026-01-19 17:55:36] [INFO] Tareas próximas a vencer: 0 notificaciones procesadas
[2026-01-19 17:55:36] [INFO] Buscando tareas que vencen mañana...
[2026-01-19 17:55:36] [INFO] Tareas que vencen mañana: 0 notificaciones procesadas
[2026-01-19 17:55:36] [INFO] Buscando tareas vencidas...
[2026-01-19 17:55:36] [INFO] Tareas vencidas (asignados): 0 notificaciones procesadas
[2026-01-19 17:55:36] [INFO] Buscando tareas vencidas para notificar a creadores...
[2026-01-19 17:55:36] [INFO] Creadores notificados de tareas vencidas: 0
[2026-01-19 17:55:36] [INFO] Buscando proyectos vencidos...
[2026-01-19 17:55:36] [INFO] Proyectos vencidos notificados: 26
[2026-01-19 17:55:36] [INFO] === Verificación completada ===
[2026-01-19 17:55:36] [INFO] Total de notificaciones procesadas: 26
[2026-01-19 17:55:36] [INFO]  - Próximas a vencer (3 días): 0
[2026-01-19 17:55:36] [INFO]  - Vencen mañana: 0
[2026-01-19 17:55:36] [INFO]  - Vencidas (asignados): 0
[2026-01-19 17:55:36] [INFO]  - Vencidas (creadores): 0
[2026-01-19 17:55:36] [INFO]  - Proyectos vencidos: 26
