[2026-01-15 15:00:02] [INFO] === Iniciando verificación de vencimientos ===
[2026-01-15 15:00:02] [INFO] Buscando tareas que vencen en 3 días...
[2026-01-15 15:00:02] [INFO] Tareas próximas a vencer: 0 notificaciones procesadas
[2026-01-15 15:00:02] [INFO] Buscando tareas que vencen mañana...
[2026-01-15 15:00:02] [INFO] Tareas que vencen mañana: 0 notificaciones procesadas
[2026-01-15 15:00:02] [INFO] Buscando tareas vencidas...
[2026-01-15 15:00:02] [INFO] Tareas vencidas (asignados): 0 notificaciones procesadas
[2026-01-15 15:00:02] [INFO] Buscando tareas vencidas para notificar a creadores...
[2026-01-15 15:00:02] [INFO] Creadores notificados de tareas vencidas: 0
[2026-01-15 15:00:02] [INFO] Buscando proyectos vencidos...
[2026-01-15 15:00:02] [INFO] Proyectos vencidos notificados: 0
[2026-01-15 15:00:02] [INFO] === Verificación completada ===
[2026-01-15 15:00:02] [INFO] Total de notificaciones procesadas: 0
[2026-01-15 15:00:02] [INFO]  - Próximas a vencer (3 días): 0
[2026-01-15 15:00:02] [INFO]  - Vencen mañana: 0
[2026-01-15 15:00:02] [INFO]  - Vencidas (asignados): 0
[2026-01-15 15:00:02] [INFO]  - Vencidas (creadores): 0
[2026-01-15 15:00:02] [INFO]  - Proyectos vencidos: 0
[2026-01-15 16:00:03] [INFO] === Iniciando verificación de vencimientos ===
[2026-01-15 16:00:03] [INFO] Buscando tareas que vencen en 3 días...
[2026-01-15 16:00:03] [INFO] Tareas próximas a vencer: 0 notificaciones procesadas
[2026-01-15 16:00:03] [INFO] Buscando tareas que vencen mañana...
[2026-01-15 16:00:03] [INFO] Tareas que vencen mañana: 0 notificaciones procesadas
[2026-01-15 16:00:03] [INFO] Buscando tareas vencidas...
[2026-01-15 16:00:03] [INFO] Tareas vencidas (asignados): 0 notificaciones procesadas
[2026-01-15 16:00:03] [INFO] Buscando tareas vencidas para notificar a creadores...
[2026-01-15 16:00:03] [INFO] Creadores notificados de tareas vencidas: 0
[2026-01-15 16:00:03] [INFO] Buscando proyectos vencidos...
[2026-01-15 16:00:03] [INFO] Proyectos vencidos notificados: 0
[2026-01-15 16:00:03] [INFO] === Verificación completada ===
[2026-01-15 16:00:03] [INFO] Total de notificaciones procesadas: 0
[2026-01-15 16:00:03] [INFO]  - Próximas a vencer (3 días): 0
[2026-01-15 16:00:03] [INFO]  - Vencen mañana: 0
[2026-01-15 16:00:03] [INFO]  - Vencidas (asignados): 0
[2026-01-15 16:00:03] [INFO]  - Vencidas (creadores): 0
[2026-01-15 16:00:03] [INFO]  - Proyectos vencidos: 0
